{"level":"info","message":"WebSocket server running on ws://localhost:8080","timestamp":"2024-08-31T01:01:07.387Z"}
{"level":"info","message":"Server running on http://localhost:8080","timestamp":"2024-08-31T01:01:07.393Z"}
{"level":"info","message":"WebSocket server running on ws://localhost:8080","timestamp":"2024-08-31T01:01:55.348Z"}
{"level":"info","message":"Server running on http://localhost:8080","timestamp":"2024-08-31T01:01:55.355Z"}
{"level":"info","message":"Checking for new entries...","timestamp":"2024-08-31T01:02:00.356Z"}
{"level":"info","message":"Checking for new entries...","timestamp":"2024-08-31T01:03:00.457Z"}
{"level":"info","message":"Checking for new entries...","timestamp":"2024-08-31T01:04:00.533Z"}
{"level":"info","message":"Checking for new entries...","timestamp":"2024-08-31T01:05:00.610Z"}
{"level":"info","message":"Checking for new entries...","timestamp":"2024-08-31T01:06:00.684Z"}
{"level":"info","message":"Checking for new entries...","timestamp":"2024-08-31T01:07:00.752Z"}
{"level":"info","message":"Checking for new entries...","timestamp":"2024-08-31T01:08:00.820Z"}
{"level":"info","message":"New client connected","timestamp":"2024-08-31T01:08:53.898Z"}
{"level":"info","message":"Client disconnected","timestamp":"2024-08-31T01:08:53.906Z"}
{"level":"info","message":"Checking for new entries...","timestamp":"2024-08-31T01:09:00.913Z"}
{"level":"info","message":"New client connected","timestamp":"2024-08-31T01:09:42.207Z"}
{"level":"info","message":"Client disconnected","timestamp":"2024-08-31T01:09:42.215Z"}
{"level":"info","message":"Checking for new entries...","timestamp":"2024-08-31T01:10:00.986Z"}
{"level":"info","message":"New client connected","timestamp":"2024-08-31T01:10:07.153Z"}
{"level":"info","message":"Client disconnected","timestamp":"2024-08-31T01:10:07.166Z"}
{"level":"info","message":"Checking for new entries...","timestamp":"2024-08-31T01:11:00.055Z"}
{"level":"info","message":"Checking for new entries...","timestamp":"2024-08-31T01:12:00.128Z"}
{"level":"info","message":"New client connected","timestamp":"2024-08-31T01:12:52.500Z"}
{"level":"info","message":"Checking for new entries...","timestamp":"2024-08-31T01:13:00.197Z"}
{"level":"info","message":"Checking for new entries...","timestamp":"2024-08-31T01:14:00.265Z"}
{"level":"info","message":"WebSocket server running on ws://localhost:8080","timestamp":"2024-08-31T01:14:11.773Z"}
{"level":"info","message":"Server running on http://localhost:8080","timestamp":"2024-08-31T01:14:11.780Z"}
{"level":"info","message":"Checking for new entries...","timestamp":"2024-08-31T01:15:00.842Z"}
{"level":"info","message":"New client connected","timestamp":"2024-08-31T01:15:07.021Z"}
{"level":"info","message":"Checking for new entries...","timestamp":"2024-08-31T01:16:00.947Z"}
{"level":"info","message":"Checking for new entries...","timestamp":"2024-08-31T01:17:00.027Z"}
{"level":"info","message":"Checking for new entries...","timestamp":"2024-08-31T01:18:00.099Z"}
{"level":"info","message":"Checking for new entries...","timestamp":"2024-08-31T01:19:00.179Z"}
{"level":"info","message":"Checking for new entries...","timestamp":"2024-08-31T01:20:00.255Z"}
{"level":"info","message":"WebSocket server running on ws://localhost:8080","timestamp":"2024-08-31T01:20:30.345Z"}
{"level":"info","message":"Server running on http://localhost:8080","timestamp":"2024-08-31T01:20:30.353Z"}
{"level":"info","message":"New client connected","timestamp":"2024-08-31T01:20:33.069Z"}
{"level":"info","message":"Checking for new entries...","timestamp":"2024-08-31T01:21:00.384Z"}
{"level":"info","message":"Checking for new entries...","timestamp":"2024-08-31T01:22:00.500Z"}
{"level":"info","message":"Checking for new entries...","timestamp":"2024-08-31T01:23:00.575Z"}
{"level":"info","message":"WebSocket server running on ws://localhost:8080","timestamp":"2024-08-31T01:23:55.203Z"}
{"level":"info","message":"Server running on http://localhost:8080","timestamp":"2024-08-31T01:23:55.211Z"}
{"level":"info","message":"Checking for new entries...","timestamp":"2024-08-31T01:24:00.212Z"}
{"level":"info","message":"Shutting down server...","timestamp":"2024-08-31T01:24:01.193Z"}
{"level":"info","message":"WebSocket server running on ws://localhost:8080","timestamp":"2024-08-31T01:24:10.204Z"}
{"level":"info","message":"Server running on http://localhost:8080","timestamp":"2024-08-31T01:24:10.212Z"}
{"level":"info","message":"Checking for new entries...","timestamp":"2024-08-31T01:25:00.268Z"}
{"level":"info","message":"New client connected","timestamp":"2024-08-31T01:25:39.463Z"}
{"level":"info","message":"Checking for new entries...","timestamp":"2024-08-31T01:26:00.526Z"}
{"level":"info","message":"Checking for new entries...","timestamp":"2024-08-31T01:27:00.596Z"}
{"level":"info","message":"Checking for new entries...","timestamp":"2024-08-31T01:28:00.667Z"}
{"level":"info","message":"Checking for new entries...","timestamp":"2024-08-31T01:29:00.736Z"}
{"level":"info","message":"Checking for new entries...","timestamp":"2024-08-31T01:30:00.800Z"}
{"level":"info","message":"Checking for new entries...","timestamp":"2024-08-31T01:31:00.869Z"}
{"level":"info","message":"Checking for new entries...","timestamp":"2024-08-31T01:32:00.934Z"}
{"level":"info","message":"Checking for new entries...","timestamp":"2024-08-31T01:33:00.000Z"}
{"level":"info","message":"Checking for new entries...","timestamp":"2024-08-31T01:34:00.068Z"}
{"level":"info","message":"Client disconnected","timestamp":"2024-08-31T01:34:20.252Z"}
{"level":"info","message":"Checking for new entries...","timestamp":"2024-08-31T01:35:00.135Z"}
{"level":"info","message":"Checking for new entries...","timestamp":"2024-08-31T01:36:00.195Z"}
{"level":"info","message":"Checking for new entries...","timestamp":"2024-08-31T01:37:00.257Z"}
{"level":"info","message":"Checking for new entries...","timestamp":"2024-08-31T01:38:00.320Z"}
{"level":"info","message":"Checking for new entries...","timestamp":"2024-08-31T01:39:00.384Z"}
{"level":"info","message":"New client connected","timestamp":"2024-08-31T01:39:47.672Z"}
{"level":"info","message":"Checking for new entries...","timestamp":"2024-08-31T01:40:00.448Z"}
{"level":"info","message":"Checking for new entries...","timestamp":"2024-08-31T01:41:00.509Z"}
{"level":"info","message":"Checking for new entries...","timestamp":"2024-08-31T01:42:00.569Z"}
{"level":"error","message":"Error fetching the page: logger.alert is not a function","timestamp":"2024-08-31T01:42:07.566Z"}
{"level":"info","message":"Checking for new entries...","timestamp":"2024-08-31T01:43:00.641Z"}
{"level":"info","message":"Shutting down server...","timestamp":"2024-08-31T01:43:02.064Z"}
{"level":"info","message":"Shutting down server...","timestamp":"2024-08-31T01:43:02.069Z"}
{"level":"error","message":"Error fetching the page: logger.alert is not a function","timestamp":"2024-08-31T01:43:06.271Z"}
{"level":"info","message":"WebSocket server running on ws://localhost:8080","timestamp":"2024-08-31T01:43:08.662Z"}
{"level":"info","message":"Server running on http://localhost:8080","timestamp":"2024-08-31T01:43:08.670Z"}
{"level":"info","message":"Shutting down server...","timestamp":"2024-08-31T01:43:09.536Z"}
{"level":"info","message":"Checking for new entries...","timestamp":"2024-08-31T01:44:00.708Z"}
{"level":"info","message":"HTTP server closed.","timestamp":"2024-08-31T01:44:10.736Z"}
{"level":"info","message":"WebSocket server running on ws://localhost:8080","timestamp":"2024-08-31T01:45:26.424Z"}
{"level":"info","message":"Server running on http://localhost:8080","timestamp":"2024-08-31T01:45:26.432Z"}
{"level":"info","message":"New client connected","timestamp":"2024-08-31T01:45:33.713Z"}
{"level":"info","message":"Checking for new entries...","timestamp":"2024-08-31T01:46:00.463Z"}
{"level":"info","message":"New ⚔️ detected at location:  RG4","timestamp":"2024-08-31T01:46:11.023Z"}
{"level":"info","message":"New ⚔️ detected at location:  G1#1","timestamp":"2024-08-31T01:46:11.044Z"}
{"level":"info","message":"Shutting down server...","timestamp":"2024-08-31T01:46:40.464Z"}
{"level":"info","message":"Shutting down server...","timestamp":"2024-08-31T01:46:40.466Z"}
